Starting up http-server, serving ./public

http-server version: 14.1.1

http-server settings: 
CORS: disabled
Cache: -1 seconds
Connection Timeout: 120 seconds
Directory Listings: visible
AutoIndex: visible
Serve GZIP Files: false
Serve Brotli Files: false
Default File Extension: none

Available on:
  http://127.0.0.1:8080
  http://172.28.45.86:8080
  http://172.18.0.1:8080
Hit CTRL-C to stop the server

[2025-12-11T00:51:08.149Z]  "HEAD /" "curl/8.17.0"
[2025-12-11T00:51:33.908Z]  "GET /" "Mozilla/5.0 (X11; Linux x86_64; rv:145.0) Gecko/20100101 Firefox/145.0"
[2025-12-11T00:51:33.989Z]  "GET /js/app.js" "Mozilla/5.0 (X11; Linux x86_64; rv:145.0) Gecko/20100101 Firefox/145.0"
[2025-12-11T00:51:34.208Z]  "GET /favicon.ico" "Mozilla/5.0 (X11; Linux x86_64; rv:145.0) Gecko/20100101 Firefox/145.0"
[2025-12-11T00:51:34.209Z]  "GET /favicon.ico" Error (404): "Not found"
http-server stopped.
